This file contains any messages produced by compilers while
running configure, to aid debugging if configure makes a mistake.

It was created by openbox configure 3.6, which was
generated by GNU Autoconf 2.69.  Invocation command line was

  $ ./configure 

## --------- ##
## Platform. ##
## --------- ##

hostname = homebox
uname -m = x86_64
uname -r = 5.9.10-xanmod1-cachy
uname -s = Linux
uname -v = #0~git20201122.4b25ce0 SMP PREEMPT Sun Nov 22 19:51:12 UTC 2020

/usr/bin/uname -p = x86_64
/bin/uname -X     = unknown

/bin/arch              = x86_64
/usr/bin/arch -k       = unknown
/usr/convex/getsysinfo = unknown
/usr/bin/hostinfo      = unknown
/bin/machine           = unknown
/usr/bin/oslevel       = unknown
/bin/universe          = unknown

PATH: /opt/maven/bin
PATH: /home/xuw/bin
PATH: /usr/local/bin
PATH: /home/xuw/.local/bin
PATH: /usr/local/sbin
PATH: /usr/local/bin
PATH: /usr/sbin
PATH: /usr/bin
PATH: /sbin
PATH: /bin
PATH: /usr/games
PATH: /usr/local/games
PATH: /snap/bin
PATH: /home/xuw/.fzf/bin


## ----------- ##
## Core tests. ##
## ----------- ##

configure:2455: checking for a BSD-compatible install
configure:2523: result: /usr/bin/install -c
configure:2534: checking whether build environment is sane
configure:2589: result: yes
configure:2738: checking for a thread-safe mkdir -p
configure:2777: result: /usr/bin/mkdir -p
configure:2784: checking for gawk
configure:2800: found /usr/bin/gawk
configure:2811: result: gawk
configure:2822: checking whether make sets $(MAKE)
configure:2844: result: yes
configure:2873: checking whether make supports nested variables
configure:2890: result: yes
configure:3027: checking whether make supports nested variables
configure:3044: result: yes
configure:3113: checking build type
configure:3179: result: RELEASE
configure:3191: checking whether make supports the include directive
configure:3206: make -f confmf.GNU && cat confinc.out
this is the am__doit target
configure:3209: $? = 0
configure:3228: result: yes (GNU style)
configure:3298: checking for gcc
configure:3314: found /usr/bin/gcc
configure:3325: result: gcc
configure:3554: checking for C compiler version
configure:3563: gcc --version >&5
gcc (Ubuntu 10.2.0-13ubuntu1) 10.2.0
Copyright (C) 2020 Free Software Foundation, Inc.
This is free software; see the source for copying conditions.  There is NO
warranty; not even for MERCHANTABILITY or FITNESS FOR A PARTICULAR PURPOSE.

configure:3574: $? = 0
configure:3563: gcc -v >&5
Using built-in specs.
COLLECT_GCC=gcc
COLLECT_LTO_WRAPPER=/usr/lib/gcc/x86_64-linux-gnu/10/lto-wrapper
OFFLOAD_TARGET_NAMES=nvptx-none:amdgcn-amdhsa:hsa
OFFLOAD_TARGET_DEFAULT=1
Target: x86_64-linux-gnu
Configured with: ../src/configure -v --with-pkgversion='Ubuntu 10.2.0-13ubuntu1' --with-bugurl=file:///usr/share/doc/gcc-10/README.Bugs --enable-languages=c,ada,c++,go,brig,d,fortran,objc,obj-c++,m2 --prefix=/usr --with-gcc-major-version-only --program-suffix=-10 --program-prefix=x86_64-linux-gnu- --enable-shared --enable-linker-build-id --libexecdir=/usr/lib --without-included-gettext --enable-threads=posix --libdir=/usr/lib --enable-nls --enable-clocale=gnu --enable-libstdcxx-debug --enable-libstdcxx-time=yes --with-default-libstdcxx-abi=new --enable-gnu-unique-object --disable-vtable-verify --enable-plugin --enable-default-pie --with-system-zlib --enable-libphobos-checking=release --with-target-system-zlib=auto --enable-objc-gc=auto --enable-multiarch --disable-werror --with-arch-32=i686 --with-abi=m64 --with-multilib-list=m32,m64,mx32 --enable-multilib --with-tune=generic --enable-offload-targets=nvptx-none=/build/gcc-10-JvwpWM/gcc-10-10.2.0/debian/tmp-nvptx/usr,amdgcn-amdhsa=/build/gcc-10-JvwpWM/gcc-10-10.2.0/debian/tmp-gcn/usr,hsa --without-cuda-driver --enable-checking=release --build=x86_64-linux-gnu --host=x86_64-linux-gnu --target=x86_64-linux-gnu
Thread model: posix
Supported LTO compression algorithms: zlib zstd
gcc version 10.2.0 (Ubuntu 10.2.0-13ubuntu1) 
... rest of stderr output deleted ...
configure:3574: $? = 0
configure:3563: gcc -V >&5
gcc: error: unrecognized command-line option '-V'
gcc: fatal error: no input files
compilation terminated.
configure:3574: $? = 1
configure:3563: gcc -qversion >&5
gcc: error: unrecognized command-line option '-qversion'; did you mean '--version'?
gcc: fatal error: no input files
compilation terminated.
configure:3574: $? = 1
configure:3594: checking whether the C compiler works
configure:3616: gcc    conftest.c  >&5
configure:3620: $? = 0
configure:3668: result: yes
configure:3671: checking for C compiler default output file name
configure:3673: result: a.out
configure:3679: checking for suffix of executables
configure:3686: gcc -o conftest    conftest.c  >&5
configure:3690: $? = 0
configure:3712: result: 
configure:3734: checking whether we are cross compiling
configure:3742: gcc -o conftest    conftest.c  >&5
configure:3746: $? = 0
configure:3753: ./conftest
configure:3757: $? = 0
configure:3745: result: no
configure:3750: checking for suffix of object files
configure:3772: gcc -c   conftest.c >&5
configure:3776: $? = 0
configure:3797: result: o
configure:3801: checking whether we are using the GNU C compiler
configure:3820: gcc -c   conftest.c >&5
configure:3820: $? = 0
configure:3829: result: yes
configure:3838: checking whether gcc accepts -g
configure:3858: gcc -c -g  conftest.c >&5
configure:3858: $? = 0
configure:3899: result: yes
configure:3916: checking for gcc option to accept ISO C89
configure:3979: gcc  -c -g -O2  conftest.c >&5
configure:3979: $? = 0
configure:3992: result: none needed
configure:4017: checking whether gcc understands -c and -o together
configure:4039: gcc -c conftest.c -o conftest2.o
configure:4042: $? = 0
configure:4039: gcc -c conftest.c -o conftest2.o
configure:4042: $? = 0
configure:4054: result: yes
configure:4073: checking dependency style of gcc
configure:4184: result: gcc3
configure:4205: checking how to run the C preprocessor
configure:4236: gcc -E  conftest.c
configure:4236: $? = 0
configure:4250: gcc -E  conftest.c
conftest.c:11:10: fatal error: ac_nonexistent.h: No such file or directory
   11 | #include <ac_nonexistent.h>
      |          ^~~~~~~~~~~~~~~~~~
compilation terminated.
configure:4250: $? = 1
configure: failed program was:
| /* confdefs.h */
| #define PACKAGE_NAME "openbox"
| #define PACKAGE_TARNAME "openbox"
| #define PACKAGE_VERSION "3.6"
| #define PACKAGE_STRING "openbox 3.6"
| #define PACKAGE_BUGREPORT "http://bugzilla.icculus.org"
| #define PACKAGE_URL ""
| #define PACKAGE "openbox"
| #define VERSION "3.6"
| /* end confdefs.h.  */
| #include <ac_nonexistent.h>
configure:4275: result: gcc -E
configure:4295: gcc -E  conftest.c
configure:4295: $? = 0
configure:4309: gcc -E  conftest.c
conftest.c:11:10: fatal error: ac_nonexistent.h: No such file or directory
   11 | #include <ac_nonexistent.h>
      |          ^~~~~~~~~~~~~~~~~~
compilation terminated.
configure:4309: $? = 1
configure: failed program was:
| /* confdefs.h */
| #define PACKAGE_NAME "openbox"
| #define PACKAGE_TARNAME "openbox"
| #define PACKAGE_VERSION "3.6"
| #define PACKAGE_STRING "openbox 3.6"
| #define PACKAGE_BUGREPORT "http://bugzilla.icculus.org"
| #define PACKAGE_URL ""
| #define PACKAGE "openbox"
| #define VERSION "3.6"
| /* end confdefs.h.  */
| #include <ac_nonexistent.h>
configure:4351: checking for GNU CC
configure:4354: result: yes
configure:4379: checking for compiler specific flags
configure:4381: result: -DNDEBUG -DG_DISABLE_ASSERT -fno-strict-aliasing
configure:4387: checking for an ANSI C-conforming const
configure:4453: gcc -c -g -O2 -DNDEBUG -DG_DISABLE_ASSERT -fno-strict-aliasing  conftest.c >&5
configure:4453: $? = 0
configure:4460: result: yes
configure:4468: checking for inline
configure:4484: gcc -c -g -O2 -DNDEBUG -DG_DISABLE_ASSERT -fno-strict-aliasing  conftest.c >&5
configure:4484: $? = 0
configure:4492: result: inline
configure:4540: checking build system type
configure:4554: result: x86_64-pc-linux-gnu
configure:4574: checking host system type
configure:4587: result: x86_64-pc-linux-gnu
configure:4628: checking how to print strings
configure:4655: result: printf
configure:4676: checking for a sed that does not truncate output
configure:4740: result: /usr/bin/sed
configure:4758: checking for grep that handles long lines and -e
configure:4816: result: /usr/bin/grep
configure:4821: checking for egrep
configure:4883: result: /usr/bin/grep -E
configure:4888: checking for fgrep
configure:4950: result: /usr/bin/grep -F
configure:4985: checking for ld used by gcc
configure:5052: result: /usr/bin/ld
configure:5059: checking if the linker (/usr/bin/ld) is GNU ld
configure:5074: result: yes
configure:5086: checking for BSD- or MS-compatible name lister (nm)
configure:5140: result: /usr/bin/nm -B
configure:5270: checking the name lister (/usr/bin/nm -B) interface
configure:5277: gcc -c -g -O2 -DNDEBUG -DG_DISABLE_ASSERT -fno-strict-aliasing  conftest.c >&5
configure:5280: /usr/bin/nm -B "conftest.o"
configure:5283: output
0000000000000000 B some_variable
configure:5284: result: BSD nm
configure:5287: checking whether ln -s works
configure:5291: result: yes
configure:5299: checking the maximum length of command line arguments
configure:5430: result: 1572864
configure:5478: checking how to convert x86_64-pc-linux-gnu file names to x86_64-pc-linux-gnu format
configure:5518: result: func_convert_file_noop
configure:5525: checking how to convert x86_64-pc-linux-gnu file names to toolchain format
configure:5545: result: func_convert_file_noop
configure:5552: checking for /usr/bin/ld option to reload object files
configure:5559: result: -r
configure:5633: checking for objdump
configure:5649: found /usr/bin/objdump
configure:5660: result: objdump
configure:5692: checking how to recognize dependent libraries
configure:5892: result: pass_all
configure:5977: checking for dlltool
configure:6007: result: no
configure:6037: checking how to associate runtime and link libraries
configure:6064: result: printf %s\n
configure:6124: checking for ar
configure:6140: found /usr/bin/ar
configure:6151: result: ar
configure:6188: checking for archiver @FILE support
configure:6205: gcc -c -g -O2 -DNDEBUG -DG_DISABLE_ASSERT -fno-strict-aliasing  conftest.c >&5
configure:6205: $? = 0
configure:6208: ar cr libconftest.a @conftest.lst >&5
configure:6211: $? = 0
configure:6216: ar cr libconftest.a @conftest.lst >&5
ar: conftest.o: No such file or directory
configure:6219: $? = 1
configure:6218: result: @
configure:6276: checking for strip
configure:6292: found /usr/bin/strip
configure:6303: result: strip
configure:6375: checking for ranlib
configure:6391: found /usr/bin/ranlib
configure:6402: result: ranlib
configure:6504: checking command to parse /usr/bin/nm -B output from gcc object
configure:6657: gcc -c -g -O2 -DNDEBUG -DG_DISABLE_ASSERT -fno-strict-aliasing  conftest.c >&5
configure:6660: $? = 0
configure:6664: /usr/bin/nm -B conftest.o | sed -n -e 's/^.*[	 ]\([ABCDGIRSTW][ABCDGIRSTW]*\)[	 ][	 ]*\([_A-Za-z][_A-Za-z0-9]*\)$/\1 \2 \2/p' | sed '/ __gnu_lto/d' > conftest.nm
configure:6730: gcc -o conftest -g -O2 -DNDEBUG -DG_DISABLE_ASSERT -fno-strict-aliasing   conftest.c conftstm.o >&5
configure:6733: $? = 0
configure:6771: result: ok
configure:6818: checking for sysroot
configure:6848: result: no
configure:6855: checking for a working dd
configure:6893: result: /usr/bin/dd
configure:6897: checking how to truncate binary pipes
configure:6912: result: /usr/bin/dd bs=4096 count=1
configure:7048: gcc -c -g -O2 -DNDEBUG -DG_DISABLE_ASSERT -fno-strict-aliasing  conftest.c >&5
configure:7051: $? = 0
configure:7241: checking for mt
configure:7257: found /usr/bin/mt
configure:7268: result: mt
configure:7291: checking if mt is a manifest tool
configure:7297: mt '-?'
configure:7305: result: no
configure:7978: checking for ANSI C header files
configure:7998: gcc -c -g -O2 -DNDEBUG -DG_DISABLE_ASSERT -fno-strict-aliasing  conftest.c >&5
configure:7998: $? = 0
configure:8071: gcc -o conftest -g -O2 -DNDEBUG -DG_DISABLE_ASSERT -fno-strict-aliasing   conftest.c   >&5
configure:8071: $? = 0
configure:8071: ./conftest
configure:8071: $? = 0
configure:8082: result: yes
configure:8095: checking for sys/types.h
configure:8095: gcc -c -g -O2 -DNDEBUG -DG_DISABLE_ASSERT -fno-strict-aliasing  conftest.c >&5
configure:8095: $? = 0
configure:8095: result: yes
configure:8095: checking for sys/stat.h
configure:8095: gcc -c -g -O2 -DNDEBUG -DG_DISABLE_ASSERT -fno-strict-aliasing  conftest.c >&5
configure:8095: $? = 0
configure:8095: result: yes
configure:8095: checking for stdlib.h
configure:8095: gcc -c -g -O2 -DNDEBUG -DG_DISABLE_ASSERT -fno-strict-aliasing  conftest.c >&5
configure:8095: $? = 0
configure:8095: result: yes
configure:8095: checking for string.h
configure:8095: gcc -c -g -O2 -DNDEBUG -DG_DISABLE_ASSERT -fno-strict-aliasing  conftest.c >&5
configure:8095: $? = 0
configure:8095: result: yes
configure:8095: checking for memory.h
configure:8095: gcc -c -g -O2 -DNDEBUG -DG_DISABLE_ASSERT -fno-strict-aliasing  conftest.c >&5
configure:8095: $? = 0
configure:8095: result: yes
configure:8095: checking for strings.h
configure:8095: gcc -c -g -O2 -DNDEBUG -DG_DISABLE_ASSERT -fno-strict-aliasing  conftest.c >&5
configure:8095: $? = 0
configure:8095: result: yes
configure:8095: checking for inttypes.h
configure:8095: gcc -c -g -O2 -DNDEBUG -DG_DISABLE_ASSERT -fno-strict-aliasing  conftest.c >&5
configure:8095: $? = 0
configure:8095: result: yes
configure:8095: checking for stdint.h
configure:8095: gcc -c -g -O2 -DNDEBUG -DG_DISABLE_ASSERT -fno-strict-aliasing  conftest.c >&5
configure:8095: $? = 0
configure:8095: result: yes
configure:8095: checking for unistd.h
configure:8095: gcc -c -g -O2 -DNDEBUG -DG_DISABLE_ASSERT -fno-strict-aliasing  conftest.c >&5
configure:8095: $? = 0
configure:8095: result: yes
configure:8109: checking for dlfcn.h
configure:8109: gcc -c -g -O2 -DNDEBUG -DG_DISABLE_ASSERT -fno-strict-aliasing  conftest.c >&5
configure:8109: $? = 0
configure:8109: result: yes
configure:8365: checking for objdir
configure:8380: result: .libs
configure:8644: checking if gcc supports -fno-rtti -fno-exceptions
configure:8662: gcc -c -g -O2 -DNDEBUG -DG_DISABLE_ASSERT -fno-strict-aliasing  -fno-rtti -fno-exceptions conftest.c >&5
cc1: warning: command-line option '-fno-rtti' is valid for C++/D/ObjC++ but not for C
configure:8666: $? = 0
configure:8679: result: no
configure:9043: checking for gcc option to produce PIC
configure:9050: result: -fPIC -DPIC
configure:9058: checking if gcc PIC flag -fPIC -DPIC works
configure:9076: gcc -c -g -O2 -DNDEBUG -DG_DISABLE_ASSERT -fno-strict-aliasing  -fPIC -DPIC -DPIC conftest.c >&5
configure:9080: $? = 0
configure:9093: result: yes
configure:9122: checking if gcc static flag -static works
configure:9150: result: yes
configure:9165: checking if gcc supports -c -o file.o
configure:9186: gcc -c -g -O2 -DNDEBUG -DG_DISABLE_ASSERT -fno-strict-aliasing  -o out/conftest2.o conftest.c >&5
configure:9190: $? = 0
configure:9212: result: yes
configure:9220: checking if gcc supports -c -o file.o
configure:9267: result: yes
configure:9300: checking whether the gcc linker (/usr/bin/ld -m elf_x86_64) supports shared libraries
configure:10563: result: yes
configure:10600: checking whether -lc should be explicitly linked in
configure:10608: gcc -c -g -O2 -DNDEBUG -DG_DISABLE_ASSERT -fno-strict-aliasing  conftest.c >&5
configure:10611: $? = 0
configure:10626: gcc -shared  -fPIC -DPIC conftest.o  -v -Wl,-soname -Wl,conftest -o conftest 2\>\&1 \| /usr/bin/grep  -lc  \>/dev/null 2\>\&1
configure:10629: $? = 0
configure:10643: result: no
configure:10803: checking dynamic linker characteristics
configure:11384: gcc -o conftest -g -O2 -DNDEBUG -DG_DISABLE_ASSERT -fno-strict-aliasing   -Wl,-rpath -Wl,/foo conftest.c   >&5
configure:11384: $? = 0
configure:11633: result: GNU/Linux ld.so
configure:11755: checking how to hardcode library paths into programs
configure:11780: result: immediate
configure:12328: checking whether stripping libraries is possible
configure:12333: result: yes
configure:12368: checking if libtool supports shared libraries
configure:12370: result: yes
configure:12373: checking whether to build shared libraries
configure:12398: result: yes
configure:12401: checking whether to build static libraries
configure:12405: result: yes
configure:9232: checking whether NLS is requested
configure:9241: result: yes
configure:9279: checking for msgfmt
configure: trying /usr/bin/msgfmt...
0 translated messages.
configure:9311: result: /usr/bin/msgfmt
configure:9320: checking for gmsgfmt
configure:9351: result: /usr/bin/msgfmt
configure:9402: checking for xgettext
configure: trying /usr/bin/xgettext...
/usr/bin/xgettext: warning: file '/dev/null' extension '' is unknown; will try C
configure:9434: result: /usr/bin/xgettext
configure:9480: checking for msgmerge
configure: trying /usr/bin/msgmerge...
configure:9511: result: /usr/bin/msgmerge
configure:9565: checking for ld used by GCC
configure:9629: result: /usr/bin/ld -m elf_x86_64
configure:9636: checking if the linker (/usr/bin/ld -m elf_x86_64) is GNU ld
configure:9649: result: yes
configure:9656: checking for shared library run path origin
configure:9669: result: done
configure:10105: checking for CFPreferencesCopyAppValue
configure:10123: gcc -o conftest -g -O2 -DNDEBUG -DG_DISABLE_ASSERT -fno-strict-aliasing   conftest.c   -Wl,-framework -Wl,CoreFoundation >&5
conftest.c:23:10: fatal error: CoreFoundation/CFPreferences.h: No such file or directory
   23 | #include <CoreFoundation/CFPreferences.h>
      |          ^~~~~~~~~~~~~~~~~~~~~~~~~~~~~~~~
compilation terminated.
configure:10123: $? = 1
configure: failed program was:
| /* confdefs.h */
| #define PACKAGE_NAME "openbox"
| #define PACKAGE_TARNAME "openbox"
| #define PACKAGE_VERSION "3.6"
| #define PACKAGE_STRING "openbox 3.6"
| #define PACKAGE_BUGREPORT "http://bugzilla.icculus.org"
| #define PACKAGE_URL ""
| #define PACKAGE "openbox"
| #define VERSION "3.6"
| #define STDC_HEADERS 1
| #define HAVE_SYS_TYPES_H 1
| #define HAVE_SYS_STAT_H 1
| #define HAVE_STDLIB_H 1
| #define HAVE_STRING_H 1
| #define HAVE_MEMORY_H 1
| #define HAVE_STRINGS_H 1
| #define HAVE_INTTYPES_H 1
| #define HAVE_STDINT_H 1
| #define HAVE_UNISTD_H 1
| #define HAVE_DLFCN_H 1
| #define LT_OBJDIR ".libs/"
| /* end confdefs.h.  */
| #include <CoreFoundation/CFPreferences.h>
| int
| main ()
| {
| CFPreferencesCopyAppValue(NULL, NULL)
|   ;
|   return 0;
| }
configure:10132: result: no
configure:10139: checking for CFLocaleCopyCurrent
configure:10157: gcc -o conftest -g -O2 -DNDEBUG -DG_DISABLE_ASSERT -fno-strict-aliasing   conftest.c   -Wl,-framework -Wl,CoreFoundation >&5
conftest.c:23:10: fatal error: CoreFoundation/CFLocale.h: No such file or directory
   23 | #include <CoreFoundation/CFLocale.h>
      |          ^~~~~~~~~~~~~~~~~~~~~~~~~~~
compilation terminated.
configure:10157: $? = 1
configure: failed program was:
| /* confdefs.h */
| #define PACKAGE_NAME "openbox"
| #define PACKAGE_TARNAME "openbox"
| #define PACKAGE_VERSION "3.6"
| #define PACKAGE_STRING "openbox 3.6"
| #define PACKAGE_BUGREPORT "http://bugzilla.icculus.org"
| #define PACKAGE_URL ""
| #define PACKAGE "openbox"
| #define VERSION "3.6"
| #define STDC_HEADERS 1
| #define HAVE_SYS_TYPES_H 1
| #define HAVE_SYS_STAT_H 1
| #define HAVE_STDLIB_H 1
| #define HAVE_STRING_H 1
| #define HAVE_MEMORY_H 1
| #define HAVE_STRINGS_H 1
| #define HAVE_INTTYPES_H 1
| #define HAVE_STDINT_H 1
| #define HAVE_UNISTD_H 1
| #define HAVE_DLFCN_H 1
| #define LT_OBJDIR ".libs/"
| /* end confdefs.h.  */
| #include <CoreFoundation/CFLocale.h>
| int
| main ()
| {
| CFLocaleCopyCurrent();
|   ;
|   return 0;
| }
configure:10166: result: no
configure:10195: checking for GNU gettext in libc
configure:10214: gcc -o conftest -g -O2 -DNDEBUG -DG_DISABLE_ASSERT -fno-strict-aliasing   conftest.c   >&5
configure:10214: $? = 0
configure:10222: result: yes
configure:10811: checking whether to use NLS
configure:10813: result: yes
configure:10816: checking where the gettext function comes from
configure:10827: result: libc
configure:10888: checking ctype.h usability
configure:10888: gcc -c -g -O2 -DNDEBUG -DG_DISABLE_ASSERT -fno-strict-aliasing  conftest.c >&5
configure:10888: $? = 0
configure:10888: result: yes
configure:10888: checking ctype.h presence
configure:10888: gcc -E  conftest.c
configure:10888: $? = 0
configure:10888: result: yes
configure:10888: checking for ctype.h
configure:10888: result: yes
configure:10888: checking dirent.h usability
configure:10888: gcc -c -g -O2 -DNDEBUG -DG_DISABLE_ASSERT -fno-strict-aliasing  conftest.c >&5
configure:10888: $? = 0
configure:10888: result: yes
configure:10888: checking dirent.h presence
configure:10888: gcc -E  conftest.c
configure:10888: $? = 0
configure:10888: result: yes
configure:10888: checking for dirent.h
configure:10888: result: yes
configure:10888: checking errno.h usability
configure:10888: gcc -c -g -O2 -DNDEBUG -DG_DISABLE_ASSERT -fno-strict-aliasing  conftest.c >&5
configure:10888: $? = 0
configure:10888: result: yes
configure:10888: checking errno.h presence
configure:10888: gcc -E  conftest.c
configure:10888: $? = 0
configure:10888: result: yes
configure:10888: checking for errno.h
configure:10888: result: yes
configure:10888: checking fcntl.h usability
configure:10888: gcc -c -g -O2 -DNDEBUG -DG_DISABLE_ASSERT -fno-strict-aliasing  conftest.c >&5
configure:10888: $? = 0
configure:10888: result: yes
configure:10888: checking fcntl.h presence
configure:10888: gcc -E  conftest.c
configure:10888: $? = 0
configure:10888: result: yes
configure:10888: checking for fcntl.h
configure:10888: result: yes
configure:10888: checking grp.h usability
configure:10888: gcc -c -g -O2 -DNDEBUG -DG_DISABLE_ASSERT -fno-strict-aliasing  conftest.c >&5
configure:10888: $? = 0
configure:10888: result: yes
configure:10888: checking grp.h presence
configure:10888: gcc -E  conftest.c
configure:10888: $? = 0
configure:10888: result: yes
configure:10888: checking for grp.h
configure:10888: result: yes
configure:10888: checking locale.h usability
configure:10888: gcc -c -g -O2 -DNDEBUG -DG_DISABLE_ASSERT -fno-strict-aliasing  conftest.c >&5
configure:10888: $? = 0
configure:10888: result: yes
configure:10888: checking locale.h presence
configure:10888: gcc -E  conftest.c
configure:10888: $? = 0
configure:10888: result: yes
configure:10888: checking for locale.h
configure:10888: result: yes
configure:10888: checking pwd.h usability
configure:10888: gcc -c -g -O2 -DNDEBUG -DG_DISABLE_ASSERT -fno-strict-aliasing  conftest.c >&5
configure:10888: $? = 0
configure:10888: result: yes
configure:10888: checking pwd.h presence
configure:10888: gcc -E  conftest.c
configure:10888: $? = 0
configure:10888: result: yes
configure:10888: checking for pwd.h
configure:10888: result: yes
configure:10901: checking signal.h usability
configure:10901: gcc -c -g -O2 -DNDEBUG -DG_DISABLE_ASSERT -fno-strict-aliasing  conftest.c >&5
configure:10901: $? = 0
configure:10901: result: yes
configure:10901: checking signal.h presence
configure:10901: gcc -E  conftest.c
configure:10901: $? = 0
configure:10901: result: yes
configure:10901: checking for signal.h
configure:10901: result: yes
configure:10901: checking for string.h
configure:10901: result: yes
configure:10901: checking stdio.h usability
configure:10901: gcc -c -g -O2 -DNDEBUG -DG_DISABLE_ASSERT -fno-strict-aliasing  conftest.c >&5
configure:10901: $? = 0
configure:10901: result: yes
configure:10901: checking stdio.h presence
configure:10901: gcc -E  conftest.c
configure:10901: $? = 0
configure:10901: result: yes
configure:10901: checking for stdio.h
configure:10901: result: yes
configure:10901: checking for stdlib.h
configure:10901: result: yes
configure:10901: checking for unistd.h
configure:10901: result: yes
configure:10901: checking for sys/stat.h
configure:10901: result: yes
configure:10914: checking sys/select.h usability
configure:10914: gcc -c -g -O2 -DNDEBUG -DG_DISABLE_ASSERT -fno-strict-aliasing  conftest.c >&5
configure:10914: $? = 0
configure:10914: result: yes
configure:10914: checking sys/select.h presence
configure:10914: gcc -E  conftest.c
configure:10914: $? = 0
configure:10914: result: yes
configure:10914: checking for sys/select.h
configure:10914: result: yes
configure:10914: checking sys/socket.h usability
configure:10914: gcc -c -g -O2 -DNDEBUG -DG_DISABLE_ASSERT -fno-strict-aliasing  conftest.c >&5
configure:10914: $? = 0
configure:10914: result: yes
configure:10914: checking sys/socket.h presence
configure:10914: gcc -E  conftest.c
configure:10914: $? = 0
configure:10914: result: yes
configure:10914: checking for sys/socket.h
configure:10914: result: yes
configure:10914: checking sys/time.h usability
configure:10914: gcc -c -g -O2 -DNDEBUG -DG_DISABLE_ASSERT -fno-strict-aliasing  conftest.c >&5
configure:10914: $? = 0
configure:10914: result: yes
configure:10914: checking sys/time.h presence
configure:10914: gcc -E  conftest.c
configure:10914: $? = 0
configure:10914: result: yes
configure:10914: checking for sys/time.h
configure:10914: result: yes
configure:10914: checking for sys/types.h
configure:10914: result: yes
configure:10914: checking sys/wait.h usability
configure:10914: gcc -c -g -O2 -DNDEBUG -DG_DISABLE_ASSERT -fno-strict-aliasing  conftest.c >&5
configure:10914: $? = 0
configure:10914: result: yes
configure:10914: checking sys/wait.h presence
configure:10914: gcc -E  conftest.c
configure:10914: $? = 0
configure:10914: result: yes
configure:10914: checking for sys/wait.h
configure:10914: result: yes
configure:10927: checking for sed
configure:10958: result: /usr/bin/sed
configure:10972: checking for dirname
configure:10990: found /usr/bin/dirname
configure:11003: result: /usr/bin/dirname
configure:11069: checking for pkg-config
configure:11087: found /usr/bin/pkg-config
configure:11099: result: /usr/bin/pkg-config
configure:11124: checking pkg-config is at least version 0.9.0
configure:11127: result: yes
configure:11137: checking for glib-2.0 >= 2.14.0
configure:11144: $PKG_CONFIG --exists --print-errors "glib-2.0 >= 2.14.0"
configure:11147: $? = 0
configure:11161: $PKG_CONFIG --exists --print-errors "glib-2.0 >= 2.14.0"
configure:11164: $? = 0
configure:11222: result: yes
configure:11231: checking for pango >= 1.8.0 pangoxft >= 1.8.0
configure:11238: $PKG_CONFIG --exists --print-errors "pango >= 1.8.0 pangoxft >= 1.8.0"
configure:11241: $? = 0
configure:11255: $PKG_CONFIG --exists --print-errors "pango >= 1.8.0 pangoxft >= 1.8.0"
configure:11258: $? = 0
configure:11316: result: yes
configure:11325: checking for libxml-2.0 >= 2.6.0
configure:11332: $PKG_CONFIG --exists --print-errors "libxml-2.0 >= 2.6.0"
configure:11335: $? = 0
configure:11349: $PKG_CONFIG --exists --print-errors "libxml-2.0 >= 2.6.0"
configure:11352: $? = 0
configure:11410: result: yes
configure:11429: checking for libstartup-notification-1.0 >= 0.8
configure:11436: $PKG_CONFIG --exists --print-errors "libstartup-notification-1.0 >= 0.8"
configure:11439: $? = 0
configure:11453: $PKG_CONFIG --exists --print-errors "libstartup-notification-1.0 >= 0.8"
configure:11456: $? = 0
configure:11500: result: yes
configure:11527: checking for xcursor
configure:11534: $PKG_CONFIG --exists --print-errors "xcursor"
configure:11537: $? = 0
configure:11551: $PKG_CONFIG --exists --print-errors "xcursor"
configure:11554: $? = 0
configure:11598: result: yes
configure:11625: checking for imlib2
configure:11632: $PKG_CONFIG --exists --print-errors "imlib2"
configure:11635: $? = 0
configure:11649: $PKG_CONFIG --exists --print-errors "imlib2"
configure:11652: $? = 0
configure:11696: result: yes
configure:11735: checking for librsvg-2.0
configure:11742: $PKG_CONFIG --exists --print-errors "librsvg-2.0"
configure:11745: $? = 0
configure:11759: $PKG_CONFIG --exists --print-errors "librsvg-2.0"
configure:11762: $? = 0
configure:11806: result: yes
configure:11833: checking for X
configure:11941: gcc -E  conftest.c
configure:11941: $? = 0
configure:11972: gcc -o conftest -g -O2 -DNDEBUG -DG_DISABLE_ASSERT -fno-strict-aliasing   conftest.c -lX11   >&5
configure:11972: $? = 0
configure:12022: result: libraries , headers 
configure:12122: gcc -o conftest -g -O2 -DNDEBUG -DG_DISABLE_ASSERT -fno-strict-aliasing   conftest.c    -lX11 >&5
configure:12122: $? = 0
configure:12220: checking for gethostbyname
configure:12220: gcc -o conftest -g -O2 -DNDEBUG -DG_DISABLE_ASSERT -fno-strict-aliasing   conftest.c   >&5
configure:12220: $? = 0
configure:12220: result: yes
configure:12317: checking for connect
configure:12317: gcc -o conftest -g -O2 -DNDEBUG -DG_DISABLE_ASSERT -fno-strict-aliasing   conftest.c   >&5
configure:12317: $? = 0
configure:12317: result: yes
configure:12366: checking for remove
configure:12366: gcc -o conftest -g -O2 -DNDEBUG -DG_DISABLE_ASSERT -fno-strict-aliasing   conftest.c   >&5
configure:12366: $? = 0
configure:12366: result: yes
configure:12415: checking for shmat
configure:12415: gcc -o conftest -g -O2 -DNDEBUG -DG_DISABLE_ASSERT -fno-strict-aliasing   conftest.c   >&5
configure:12415: $? = 0
configure:12415: result: yes
configure:12473: checking for IceConnectionNumber in -lICE
configure:12498: gcc -o conftest -g -O2 -DNDEBUG -DG_DISABLE_ASSERT -fno-strict-aliasing   conftest.c -lICE    >&5
configure:12498: $? = 0
configure:12507: result: yes
configure:12529: checking for XOpenDisplay in -lX11
configure:12554: gcc -o conftest -g -O2 -DNDEBUG -DG_DISABLE_ASSERT -fno-strict-aliasing    conftest.c -lX11     -lSM -lICE  -lX11 >&5
configure:12554: $? = 0
configure:12563: result: yes
configure:12604: checking for SmcSaveYourselfDone in -lSM
configure:12629: gcc -o conftest -g -O2 -DNDEBUG -DG_DISABLE_ASSERT -fno-strict-aliasing    conftest.c -lSM     -lSM -lICE  -lX11 >&5
configure:12629: $? = 0
configure:12638: result: yes
configure:12644: checking X11/SM/SMlib.h usability
configure:12644: gcc -c -g -O2 -DNDEBUG -DG_DISABLE_ASSERT -fno-strict-aliasing   conftest.c >&5
configure:12644: $? = 0
configure:12644: result: yes
configure:12644: checking X11/SM/SMlib.h presence
configure:12644: gcc -E   conftest.c
configure:12644: $? = 0
configure:12644: result: yes
configure:12644: checking for X11/SM/SMlib.h
configure:12644: result: yes
configure:12671: checking for session management support
configure:12674: result: yes
configure:12705: checking for XkbBell in -lX11
configure:12730: gcc -o conftest -g -O2 -DNDEBUG -DG_DISABLE_ASSERT -fno-strict-aliasing    conftest.c -lX11     -lSM -lICE  -lX11 >&5
configure:12730: $? = 0
configure:12739: result: yes
configure:12742: checking for X11/XKBlib.h
configure:12763: gcc -o conftest -g -O2 -DNDEBUG -DG_DISABLE_ASSERT -fno-strict-aliasing    conftest.c    -lSM -lICE  -lX11 >&5
configure:12763: $? = 0
configure:12765: result: yes
configure:12794: checking for the Xkb extension
configure:12797: result: yes
configure:12823: checking for XRRSelectInput in -lXrandr
configure:12848: gcc -o conftest -g -O2 -DNDEBUG -DG_DISABLE_ASSERT -fno-strict-aliasing    conftest.c -lXrandr     -lSM -lICE  -lX11 -lXext -lXrender -lXrandr >&5
configure:12848: $? = 0
configure:12857: result: yes
configure:12860: checking for X11/extensions/Xrandr.h
configure:12882: gcc -o conftest -g -O2 -DNDEBUG -DG_DISABLE_ASSERT -fno-strict-aliasing    conftest.c    -lSM -lICE  -lX11 -lXext -lXrender -lXrandr >&5
configure:12882: $? = 0
configure:12884: result: yes
configure:12913: checking for the XRandR extension
configure:12916: result: yes
configure:12942: checking for XShapeCombineShape in -lXext
configure:12967: gcc -o conftest -g -O2 -DNDEBUG -DG_DISABLE_ASSERT -fno-strict-aliasing    conftest.c -lXext     -lSM -lICE  -lX11 >&5
configure:12967: $? = 0
configure:12976: result: yes
configure:12979: checking for X11/extensions/shape.h
configure:12998: gcc -o conftest -g -O2 -DNDEBUG -DG_DISABLE_ASSERT -fno-strict-aliasing    conftest.c    -lSM -lICE  -lX11 >&5
configure:12998: $? = 0
configure:13000: result: yes
configure:13029: checking for the Shape extension
configure:13032: result: yes
configure:13058: checking for XineramaQueryExtension in -lXinerama
configure:13083: gcc -o conftest -g -O2 -DNDEBUG -DG_DISABLE_ASSERT -fno-strict-aliasing    conftest.c -lXinerama     -lSM -lICE  -lX11 -lXext >&5
configure:13083: $? = 0
configure:13092: result: yes
configure:13096: checking for X11/extensions/Xinerama.h
configure:13114: gcc -o conftest -g -O2 -DNDEBUG -DG_DISABLE_ASSERT -fno-strict-aliasing    conftest.c    -lSM -lICE  -lX11 -lXext >&5
configure:13114: $? = 0
configure:13116: result: yes
configure:13142: checking for the Xinerama extension
configure:13145: result: yes
configure:13171: checking for XSyncInitialize in -lXext
configure:13196: gcc -o conftest -g -O2 -DNDEBUG -DG_DISABLE_ASSERT -fno-strict-aliasing    conftest.c -lXext     -lSM -lICE  -lX11 >&5
configure:13196: $? = 0
configure:13205: result: yes
configure:13208: checking for X11/extensions/sync.h
configure:13227: gcc -o conftest -g -O2 -DNDEBUG -DG_DISABLE_ASSERT -fno-strict-aliasing    conftest.c    -lSM -lICE  -lX11 >&5
configure:13227: $? = 0
configure:13229: result: yes
configure:13258: checking for the Sync extension
configure:13261: result: yes
configure:13278: checking for XauReadAuth in -lXau
configure:13303: gcc -o conftest -g -O2 -DNDEBUG -DG_DISABLE_ASSERT -fno-strict-aliasing    conftest.c -lXau     -lSM -lICE  -lX11 >&5
configure:13303: $? = 0
configure:13312: result: yes
configure:13315: checking for X11/Xauth.h
configure:13333: gcc -o conftest -g -O2 -DNDEBUG -DG_DISABLE_ASSERT -fno-strict-aliasing    conftest.c    -lSM -lICE  -lX11 >&5
configure:13333: $? = 0
configure:13335: result: yes
configure:13363: checking for the Xauth extension
configure:13366: result: yes
configure:13519: checking that generated files are newer than configure
configure:13525: result: done
configure:13556: creating ./config.status

## ---------------------- ##
## Running config.status. ##
## ---------------------- ##

This file was extended by openbox config.status 3.6, which was
generated by GNU Autoconf 2.69.  Invocation command line was

  CONFIG_FILES    = 
  CONFIG_HEADERS  = 
  CONFIG_LINKS    = 
  CONFIG_COMMANDS = 
  $ ./config.status 

on homebox

config.status:1109: creating Makefile
config.status:1109: creating m4/Makefile
config.status:1109: creating po/Makefile.in
config.status:1109: creating obrender/obrender-3.5.pc
config.status:1109: creating obt/obt-3.5.pc
config.status:1109: creating obrender/version.h
config.status:1109: creating obt/version.h
config.status:1109: creating version.h
config.status:1281: executing depfiles commands
config.status:1358: cd .       && sed -e '/# am--include-marker/d' Makefile         | make -f - am--depfiles
make: Nothing to be done for 'am--depfiles'.
config.status:1363: $? = 0
config.status:1281: executing libtool commands
config.status:1281: executing po-directories commands
config.status:1281: executing doc commands
config.status:1281: executing data commands
config.status:1281: executing data/xsession commands
configure:15649: result: 
configure:15657: result: Compiling with these options:
               Startup Notification... yes
               X Cursor Library... yes
               Session Management... yes
               Imlib2 Library... yes
               SVG Support (librsvg)... yes
               
configure:15665: result: configure complete, now type "make"

## ---------------- ##
## Cache variables. ##
## ---------------- ##

ac_cv_build=x86_64-pc-linux-gnu
ac_cv_c_compiler_gnu=yes
ac_cv_c_const=yes
ac_cv_c_inline=inline
ac_cv_env_CC_set=
ac_cv_env_CC_value=
ac_cv_env_CFLAGS_set=
ac_cv_env_CFLAGS_value=
ac_cv_env_CPPFLAGS_set=
ac_cv_env_CPPFLAGS_value=
ac_cv_env_CPP_set=
ac_cv_env_CPP_value=
ac_cv_env_GLIB_CFLAGS_set=
ac_cv_env_GLIB_CFLAGS_value=
ac_cv_env_GLIB_LIBS_set=
ac_cv_env_GLIB_LIBS_value=
ac_cv_env_IMLIB2_CFLAGS_set=
ac_cv_env_IMLIB2_CFLAGS_value=
ac_cv_env_IMLIB2_LIBS_set=
ac_cv_env_IMLIB2_LIBS_value=
ac_cv_env_LDFLAGS_set=
ac_cv_env_LDFLAGS_value=
ac_cv_env_LIBRSVG_CFLAGS_set=
ac_cv_env_LIBRSVG_CFLAGS_value=
ac_cv_env_LIBRSVG_LIBS_set=
ac_cv_env_LIBRSVG_LIBS_value=
ac_cv_env_LIBSN_CFLAGS_set=
ac_cv_env_LIBSN_CFLAGS_value=
ac_cv_env_LIBSN_LIBS_set=
ac_cv_env_LIBSN_LIBS_value=
ac_cv_env_LIBS_set=
ac_cv_env_LIBS_value=
ac_cv_env_LT_SYS_LIBRARY_PATH_set=
ac_cv_env_LT_SYS_LIBRARY_PATH_value=
ac_cv_env_PANGO_CFLAGS_set=
ac_cv_env_PANGO_CFLAGS_value=
ac_cv_env_PANGO_LIBS_set=
ac_cv_env_PANGO_LIBS_value=
ac_cv_env_PKG_CONFIG_LIBDIR_set=
ac_cv_env_PKG_CONFIG_LIBDIR_value=
ac_cv_env_PKG_CONFIG_PATH_set=
ac_cv_env_PKG_CONFIG_PATH_value=
ac_cv_env_PKG_CONFIG_set=
ac_cv_env_PKG_CONFIG_value=
ac_cv_env_XCURSOR_CFLAGS_set=
ac_cv_env_XCURSOR_CFLAGS_value=
ac_cv_env_XCURSOR_LIBS_set=
ac_cv_env_XCURSOR_LIBS_value=
ac_cv_env_XMKMF_set=
ac_cv_env_XMKMF_value=
ac_cv_env_XML_CFLAGS_set=
ac_cv_env_XML_CFLAGS_value=
ac_cv_env_XML_LIBS_set=
ac_cv_env_XML_LIBS_value=
ac_cv_env_build_alias_set=
ac_cv_env_build_alias_value=
ac_cv_env_host_alias_set=
ac_cv_env_host_alias_value=
ac_cv_env_target_alias_set=
ac_cv_env_target_alias_value=
ac_cv_func_connect=yes
ac_cv_func_gethostbyname=yes
ac_cv_func_remove=yes
ac_cv_func_shmat=yes
ac_cv_have_x='have_x=yes	ac_x_includes='\'''\''	ac_x_libraries='\'''\'''
ac_cv_header_X11_SM_SMlib_h=yes
ac_cv_header_ctype_h=yes
ac_cv_header_dirent_h=yes
ac_cv_header_dlfcn_h=yes
ac_cv_header_errno_h=yes
ac_cv_header_fcntl_h=yes
ac_cv_header_grp_h=yes
ac_cv_header_inttypes_h=yes
ac_cv_header_locale_h=yes
ac_cv_header_memory_h=yes
ac_cv_header_pwd_h=yes
ac_cv_header_signal_h=yes
ac_cv_header_stdc=yes
ac_cv_header_stdint_h=yes
ac_cv_header_stdio_h=yes
ac_cv_header_stdlib_h=yes
ac_cv_header_string_h=yes
ac_cv_header_strings_h=yes
ac_cv_header_sys_select_h=yes
ac_cv_header_sys_socket_h=yes
ac_cv_header_sys_stat_h=yes
ac_cv_header_sys_time_h=yes
ac_cv_header_sys_types_h=yes
ac_cv_header_sys_wait_h=yes
ac_cv_header_unistd_h=yes
ac_cv_host=x86_64-pc-linux-gnu
ac_cv_lib_ICE_IceConnectionNumber=yes
ac_cv_lib_SM_SmcSaveYourselfDone=yes
ac_cv_lib_X11_XOpenDisplay=yes
ac_cv_lib_X11_XkbBell=yes
ac_cv_lib_Xau_XauReadAuth=yes
ac_cv_lib_Xext_XShapeCombineShape=yes
ac_cv_lib_Xext_XSyncInitialize=yes
ac_cv_lib_Xinerama_XineramaQueryExtension=yes
ac_cv_lib_Xrandr_XRRSelectInput=yes
ac_cv_objext=o
ac_cv_path_DIRNAME=/usr/bin/dirname
ac_cv_path_EGREP='/usr/bin/grep -E'
ac_cv_path_FGREP='/usr/bin/grep -F'
ac_cv_path_GMSGFMT=/usr/bin/msgfmt
ac_cv_path_GREP=/usr/bin/grep
ac_cv_path_MSGFMT=/usr/bin/msgfmt
ac_cv_path_MSGMERGE=/usr/bin/msgmerge
ac_cv_path_SED=/usr/bin/sed
ac_cv_path_XGETTEXT=/usr/bin/xgettext
ac_cv_path_ac_pt_PKG_CONFIG=/usr/bin/pkg-config
ac_cv_path_install='/usr/bin/install -c'
ac_cv_path_lt_DD=/usr/bin/dd
ac_cv_path_mkdir=/usr/bin/mkdir
ac_cv_prog_AWK=gawk
ac_cv_prog_CPP='gcc -E'
ac_cv_prog_ac_ct_AR=ar
ac_cv_prog_ac_ct_CC=gcc
ac_cv_prog_ac_ct_MANIFEST_TOOL=mt
ac_cv_prog_ac_ct_OBJDUMP=objdump
ac_cv_prog_ac_ct_RANLIB=ranlib
ac_cv_prog_ac_ct_STRIP=strip
ac_cv_prog_cc_c89=
ac_cv_prog_cc_g=yes
ac_cv_prog_make_make_set=yes
acl_cv_hardcode_direct=no
acl_cv_hardcode_libdir_flag_spec='${wl}-rpath ${wl}$libdir'
acl_cv_hardcode_libdir_separator=
acl_cv_hardcode_minus_L=no
acl_cv_libext=a
acl_cv_path_LD='/usr/bin/ld -m elf_x86_64'
acl_cv_prog_gnu_ld=yes
acl_cv_rpath=done
acl_cv_shlibext=so
acl_cv_wl=-Wl,
am_cv_CC_dependencies_compiler_type=gcc3
am_cv_make_support_nested_variables=yes
am_cv_prog_cc_c_o=yes
gt_cv_func_CFLocaleCopyCurrent=no
gt_cv_func_CFPreferencesCopyAppValue=no
gt_cv_func_gnugettext1_libc=yes
lt_cv_ar_at_file=@
lt_cv_archive_cmds_need_lc=no
lt_cv_deplibs_check_method=pass_all
lt_cv_file_magic_cmd='$MAGIC_CMD'
lt_cv_file_magic_test_file=
lt_cv_ld_reload_flag=-r
lt_cv_nm_interface='BSD nm'
lt_cv_objdir=.libs
lt_cv_path_LD=/usr/bin/ld
lt_cv_path_NM='/usr/bin/nm -B'
lt_cv_path_mainfest_tool=no
lt_cv_prog_compiler_c_o=yes
lt_cv_prog_compiler_pic='-fPIC -DPIC'
lt_cv_prog_compiler_pic_works=yes
lt_cv_prog_compiler_rtti_exceptions=no
lt_cv_prog_compiler_static_works=yes
lt_cv_prog_gnu_ld=yes
lt_cv_sharedlib_from_linklib_cmd='printf %s\n'
lt_cv_shlibpath_overrides_runpath=yes
lt_cv_sys_global_symbol_pipe='sed -n -e '\''s/^.*[	 ]\([ABCDGIRSTW][ABCDGIRSTW]*\)[	 ][	 ]*\([_A-Za-z][_A-Za-z0-9]*\)$/\1 \2 \2/p'\'' | sed '\''/ __gnu_lto/d'\'''
lt_cv_sys_global_symbol_to_c_name_address='sed -n -e '\''s/^: \(.*\) .*$/  {"\1", (void *) 0},/p'\'' -e '\''s/^[ABCDGIRSTW][ABCDGIRSTW]* .* \(.*\)$/  {"\1", (void *) \&\1},/p'\'''
lt_cv_sys_global_symbol_to_c_name_address_lib_prefix='sed -n -e '\''s/^: \(.*\) .*$/  {"\1", (void *) 0},/p'\'' -e '\''s/^[ABCDGIRSTW][ABCDGIRSTW]* .* \(lib.*\)$/  {"\1", (void *) \&\1},/p'\'' -e '\''s/^[ABCDGIRSTW][ABCDGIRSTW]* .* \(.*\)$/  {"lib\1", (void *) \&\1},/p'\'''
lt_cv_sys_global_symbol_to_cdecl='sed -n -e '\''s/^T .* \(.*\)$/extern int \1();/p'\'' -e '\''s/^[ABCDGIRSTW][ABCDGIRSTW]* .* \(.*\)$/extern char \1;/p'\'''
lt_cv_sys_global_symbol_to_import=
lt_cv_sys_max_cmd_len=1572864
lt_cv_to_host_file_cmd=func_convert_file_noop
lt_cv_to_tool_file_cmd=func_convert_file_noop
lt_cv_truncate_bin='/usr/bin/dd bs=4096 count=1'
pkg_cv_GLIB_CFLAGS='-I/usr/include/glib-2.0 -I/usr/lib/x86_64-linux-gnu/glib-2.0/include'
pkg_cv_GLIB_LIBS=-lglib-2.0
pkg_cv_IMLIB2_CFLAGS=
pkg_cv_IMLIB2_LIBS=-lImlib2
pkg_cv_LIBRSVG_CFLAGS='-pthread -I/usr/include/librsvg-2.0 -I/usr/include/gdk-pixbuf-2.0 -I/usr/include/libmount -I/usr/include/blkid -I/usr/include/cairo -I/usr/include/glib-2.0 -I/usr/lib/x86_64-linux-gnu/glib-2.0/include -I/usr/include/pixman-1 -I/usr/include/uuid -I/usr/include/freetype2 -I/usr/include/libpng16'
pkg_cv_LIBRSVG_LIBS='-lrsvg-2 -lm -lgio-2.0 -lgdk_pixbuf-2.0 -lgobject-2.0 -lglib-2.0 -lcairo'
pkg_cv_LIBSN_CFLAGS=-I/usr/include/startup-notification-1.0
pkg_cv_LIBSN_LIBS=-lstartup-notification-1
pkg_cv_PANGO_CFLAGS='-pthread -I/usr/include/pango-1.0 -I/usr/include/libmount -I/usr/include/blkid -I/usr/include/fribidi -I/usr/include/cairo -I/usr/include/pixman-1 -I/usr/include/harfbuzz -I/usr/include/glib-2.0 -I/usr/lib/x86_64-linux-gnu/glib-2.0/include -I/usr/include/uuid -I/usr/include/freetype2 -I/usr/include/libpng16'
pkg_cv_PANGO_LIBS='-lpangoxft-1.0 -lpangoft2-1.0 -lpango-1.0 -lgobject-2.0 -lglib-2.0 -lharfbuzz -lfontconfig -lfreetype -lXft'
pkg_cv_XCURSOR_CFLAGS=
pkg_cv_XCURSOR_LIBS=-lXcursor
pkg_cv_XML_CFLAGS=-I/usr/include/libxml2
pkg_cv_XML_LIBS=-lxml2

## ----------------- ##
## Output variables. ##
## ----------------- ##

ACLOCAL='${SHELL} /home/xuw/src/openbox-rounded-corners/missing aclocal-1.16'
AMDEPBACKSLASH='\'
AMDEP_FALSE='#'
AMDEP_TRUE=''
AMTAR='$${TAR-tar}'
AM_BACKSLASH='\'
AM_DEFAULT_V='$(AM_DEFAULT_VERBOSITY)'
AM_DEFAULT_VERBOSITY='0'
AM_V='$(V)'
AR='ar'
AUTOCONF='${SHELL} /home/xuw/src/openbox-rounded-corners/missing autoconf'
AUTOHEADER='${SHELL} /home/xuw/src/openbox-rounded-corners/missing autoheader'
AUTOMAKE='${SHELL} /home/xuw/src/openbox-rounded-corners/missing automake-1.16'
AWK='gawk'
CC='gcc'
CCDEPMODE='depmode=gcc3'
CFLAGS='-g -O2 -DNDEBUG -DG_DISABLE_ASSERT -fno-strict-aliasing'
CPP='gcc -E'
CPPFLAGS=''
CYGPATH_W='echo'
DEFS='-DPACKAGE_NAME=\"openbox\" -DPACKAGE_TARNAME=\"openbox\" -DPACKAGE_VERSION=\"3.6\" -DPACKAGE_STRING=\"openbox\ 3.6\" -DPACKAGE_BUGREPORT=\"http://bugzilla.icculus.org\" -DPACKAGE_URL=\"\" -DPACKAGE=\"openbox\" -DVERSION=\"3.6\" -DSTDC_HEADERS=1 -DHAVE_SYS_TYPES_H=1 -DHAVE_SYS_STAT_H=1 -DHAVE_STDLIB_H=1 -DHAVE_STRING_H=1 -DHAVE_MEMORY_H=1 -DHAVE_STRINGS_H=1 -DHAVE_INTTYPES_H=1 -DHAVE_STDINT_H=1 -DHAVE_UNISTD_H=1 -DHAVE_DLFCN_H=1 -DLT_OBJDIR=\".libs/\" -DENABLE_NLS=1 -DHAVE_GETTEXT=1 -DHAVE_DCGETTEXT=1 -DHAVE_CTYPE_H=1 -DHAVE_DIRENT_H=1 -DHAVE_ERRNO_H=1 -DHAVE_FCNTL_H=1 -DHAVE_GRP_H=1 -DHAVE_LOCALE_H=1 -DHAVE_PWD_H=1 -DHAVE_SIGNAL_H=1 -DHAVE_STRING_H=1 -DHAVE_STDIO_H=1 -DHAVE_STDLIB_H=1 -DHAVE_UNISTD_H=1 -DHAVE_SYS_STAT_H=1 -DHAVE_SYS_SELECT_H=1 -DHAVE_SYS_SOCKET_H=1 -DHAVE_SYS_TIME_H=1 -DHAVE_SYS_TYPES_H=1 -DHAVE_SYS_WAIT_H=1 -DUSE_LIBSN=1 -DUSE_XCURSOR=1 -DUSE_IMLIB2=1 -DUSE_LIBRSVG=1 -DHAVE_LIBX11=1 -DHAVE_X11_SM_SMLIB_H=1 -DUSE_SM=1 -DXKB=1 -DXRANDR=1 -DSHAPE=1 -DXINERAMA=1 -DSYNC=1 -DAUTH=1'
DEPDIR='.deps'
DIRNAME='/usr/bin/dirname'
DLLTOOL='false'
DSYMUTIL=''
DUMPBIN=''
ECHO_C=''
ECHO_N='-n'
ECHO_T=''
EFENCE_LIBS=''
EGREP='/usr/bin/grep -E'
EXEEXT=''
FGREP='/usr/bin/grep -F'
GLIB_CFLAGS='-I/usr/include/glib-2.0 -I/usr/lib/x86_64-linux-gnu/glib-2.0/include'
GLIB_LIBS='-lglib-2.0'
GMSGFMT='/usr/bin/msgfmt'
GMSGFMT_015='/usr/bin/msgfmt'
GREP='/usr/bin/grep'
IMLIB2_CFLAGS=''
IMLIB2_LIBS='-lImlib2'
INSTALL_DATA='${INSTALL} -m 644'
INSTALL_PROGRAM='${INSTALL}'
INSTALL_SCRIPT='${INSTALL}'
INSTALL_STRIP_PROGRAM='$(install_sh) -c -s'
INTLLIBS=''
INTL_MACOSX_LIBS=''
LD='/usr/bin/ld -m elf_x86_64'
LDFLAGS=''
LIBICONV='-liconv'
LIBINTL=''
LIBOBJS=''
LIBRSVG_CFLAGS='-pthread -I/usr/include/librsvg-2.0 -I/usr/include/gdk-pixbuf-2.0 -I/usr/include/libmount -I/usr/include/blkid -I/usr/include/cairo -I/usr/include/glib-2.0 -I/usr/lib/x86_64-linux-gnu/glib-2.0/include -I/usr/include/pixman-1 -I/usr/include/uuid -I/usr/include/freetype2 -I/usr/include/libpng16'
LIBRSVG_LIBS='-lrsvg-2 -lm -lgio-2.0 -lgdk_pixbuf-2.0 -lgobject-2.0 -lglib-2.0 -lcairo'
LIBS=' '
LIBSN_CFLAGS='-I/usr/include/startup-notification-1.0'
LIBSN_LIBS='-lstartup-notification-1'
LIBTOOL='$(SHELL) $(top_builddir)/libtool --silent'
LIBTOOL_DEPS='./ltmain.sh'
LIPO=''
LN_S='ln -s'
LTLIBICONV='-liconv'
LTLIBINTL=''
LTLIBOBJS=''
LT_SYS_LIBRARY_PATH=''
MAKEINFO='${SHELL} /home/xuw/src/openbox-rounded-corners/missing makeinfo'
MANIFEST_TOOL=':'
MKDIR_P='/usr/bin/mkdir -p'
MSGFMT='/usr/bin/msgfmt'
MSGFMT_015='/usr/bin/msgfmt'
MSGMERGE='/usr/bin/msgmerge'
NM='/usr/bin/nm -B'
NMEDIT=''
OBJDUMP='objdump'
OBJEXT='o'
OBT_AGE='0'
OBT_BINARY_AGE='2'
OBT_CURRENT='2'
OBT_CURRENT_MINUS_AGE='2'
OBT_INTERFACE_AGE='2'
OBT_MAJOR_VERSION='3'
OBT_MICRO_VERSION='4'
OBT_MINOR_VERSION='6'
OBT_RELEASE='3.6'
OBT_REVISION='2'
OBT_VERSION='3.6'
OB_VERSION='3.6'
OTOOL64=''
OTOOL=''
PACKAGE='openbox'
PACKAGE_BUGREPORT='http://bugzilla.icculus.org'
PACKAGE_NAME='openbox'
PACKAGE_STRING='openbox 3.6'
PACKAGE_TARNAME='openbox'
PACKAGE_URL=''
PACKAGE_VERSION='3.6'
PANGO_CFLAGS='-pthread -I/usr/include/pango-1.0 -I/usr/include/libmount -I/usr/include/blkid -I/usr/include/fribidi -I/usr/include/cairo -I/usr/include/pixman-1 -I/usr/include/harfbuzz -I/usr/include/glib-2.0 -I/usr/lib/x86_64-linux-gnu/glib-2.0/include -I/usr/include/uuid -I/usr/include/freetype2 -I/usr/include/libpng16'
PANGO_LIBS='-lpangoxft-1.0 -lpangoft2-1.0 -lpango-1.0 -lgobject-2.0 -lglib-2.0 -lharfbuzz -lfontconfig -lfreetype -lXft'
PATH_SEPARATOR=':'
PKG_CONFIG='/usr/bin/pkg-config'
PKG_CONFIG_IMLIB='imlib2'
PKG_CONFIG_LIBDIR=''
PKG_CONFIG_LIBRSVG='librsvg-2.0'
PKG_CONFIG_PATH=''
POSUB='po'
RANLIB='ranlib'
RR_AGE='0'
RR_BINARY_AGE='2'
RR_CURRENT='29'
RR_CURRENT_MINUS_AGE='29'
RR_INTERFACE_AGE='2'
RR_MAJOR_VERSION='3'
RR_MICRO_VERSION='31'
RR_MINOR_VERSION='6'
RR_RELEASE='3.6'
RR_REVISION='2'
RR_VERSION='3.6'
SED='/usr/bin/sed'
SET_MAKE=''
SHELL='/bin/bash'
SM_CFLAGS=''
SM_LIBS='-lSM -lICE'
STRIP='strip'
USE_IMLIB2_FALSE='#'
USE_IMLIB2_TRUE=''
USE_LIBRSVG_FALSE='#'
USE_LIBRSVG_TRUE=''
USE_NLS='yes'
VERSION='3.6'
XAUTH_CFLAGS=''
XAUTH_LIBS='-lXau'
XCURSOR_CFLAGS=''
XCURSOR_LIBS='-lXcursor'
XGETTEXT='/usr/bin/xgettext'
XGETTEXT_015='/usr/bin/xgettext'
XINERAMA_LIBS='-lXext -lXinerama'
XKB_CFLAGS=''
XKB_LIBS=''
XMKMF=''
XML_CFLAGS='-I/usr/include/libxml2'
XML_LIBS='-lxml2'
XRANDR_CFLAGS=''
XRANDR_LIBS='-lXext -lXrender -lXrandr'
XSHAPE_CFLAGS=''
XSHAPE_LIBS='-lXext'
XSYNC_CFLAGS=''
XSYNC_LIBS='-lXext'
X_CFLAGS=''
X_EXTRA_LIBS=''
X_LIBS=' -lSM -lICE  -lX11'
X_PRE_LIBS=' -lSM -lICE'
ac_ct_AR='ar'
ac_ct_CC='gcc'
ac_ct_DUMPBIN=''
am__EXEEXT_FALSE=''
am__EXEEXT_TRUE='#'
am__fastdepCC_FALSE='#'
am__fastdepCC_TRUE=''
am__include='include'
am__isrc=''
am__leading_dot='.'
am__nodep='_no'
am__quote=''
am__tar='$${TAR-tar} chof - "$$tardir"'
am__untar='$${TAR-tar} xf -'
bindir='${exec_prefix}/bin'
build='x86_64-pc-linux-gnu'
build_alias=''
build_cpu='x86_64'
build_os='linux-gnu'
build_vendor='pc'
datadir='${datarootdir}'
datarootdir='${prefix}/share'
docdir='${datarootdir}/doc/${PACKAGE_TARNAME}'
dvidir='${docdir}'
exec_prefix='${prefix}'
host='x86_64-pc-linux-gnu'
host_alias=''
host_cpu='x86_64'
host_os='linux-gnu'
host_vendor='pc'
htmldir='${docdir}'
includedir='${prefix}/include'
infodir='${datarootdir}/info'
install_sh='${SHELL} /home/xuw/src/openbox-rounded-corners/install-sh'
libdir='${exec_prefix}/lib'
libexecdir='${exec_prefix}/libexec'
localedir='${datarootdir}/locale'
localstatedir='${prefix}/var'
mandir='${datarootdir}/man'
mkdir_p='/usr/bin/mkdir -p'
oldincludedir='/usr/include'
pdfdir='${docdir}'
prefix='/usr/local'
program_transform_name='s,x,x,'
psdir='${docdir}'
runstatedir='${localstatedir}/run'
sbindir='${exec_prefix}/sbin'
sharedstatedir='${prefix}/com'
sysconfdir='${prefix}/etc'
target_alias=''

## ----------- ##
## confdefs.h. ##
## ----------- ##

/* confdefs.h */
#define PACKAGE_NAME "openbox"
#define PACKAGE_TARNAME "openbox"
#define PACKAGE_VERSION "3.6"
#define PACKAGE_STRING "openbox 3.6"
#define PACKAGE_BUGREPORT "http://bugzilla.icculus.org"
#define PACKAGE_URL ""
#define PACKAGE "openbox"
#define VERSION "3.6"
#define STDC_HEADERS 1
#define HAVE_SYS_TYPES_H 1
#define HAVE_SYS_STAT_H 1
#define HAVE_STDLIB_H 1
#define HAVE_STRING_H 1
#define HAVE_MEMORY_H 1
#define HAVE_STRINGS_H 1
#define HAVE_INTTYPES_H 1
#define HAVE_STDINT_H 1
#define HAVE_UNISTD_H 1
#define HAVE_DLFCN_H 1
#define LT_OBJDIR ".libs/"
#define ENABLE_NLS 1
#define HAVE_GETTEXT 1
#define HAVE_DCGETTEXT 1
#define HAVE_CTYPE_H 1
#define HAVE_DIRENT_H 1
#define HAVE_ERRNO_H 1
#define HAVE_FCNTL_H 1
#define HAVE_GRP_H 1
#define HAVE_LOCALE_H 1
#define HAVE_PWD_H 1
#define HAVE_SIGNAL_H 1
#define HAVE_STRING_H 1
#define HAVE_STDIO_H 1
#define HAVE_STDLIB_H 1
#define HAVE_UNISTD_H 1
#define HAVE_SYS_STAT_H 1
#define HAVE_SYS_SELECT_H 1
#define HAVE_SYS_SOCKET_H 1
#define HAVE_SYS_TIME_H 1
#define HAVE_SYS_TYPES_H 1
#define HAVE_SYS_WAIT_H 1
#define USE_LIBSN 1
#define USE_XCURSOR 1
#define USE_IMLIB2 1
#define USE_LIBRSVG 1
#define HAVE_LIBX11 1
#define HAVE_X11_SM_SMLIB_H 1
#define USE_SM 1
#define XKB 1
#define XRANDR 1
#define SHAPE 1
#define XINERAMA 1
#define SYNC 1
#define AUTH 1

configure: exit 0
